<?xml version="1.0" encoding="UTF-8"?>
<!-- Generated by org.testng.reporters.JUnitReportReporter -->
<testsuite hostname="SIPL35" failures="0" tests="1" name="logoutDiv.ManageBatchorder" time="67.067" errors="0" timestamp="2022-08-18T10:56:01 IST" skipped="0">
  <testcase classname="logoutDiv.ManageBatchorder" name="userDetails" time="67.067"/>
  <system-out/>
</testsuite> <!-- logoutDiv.ManageBatchorder -->
