<?xml version="1.0" encoding="UTF-8"?>
<!-- Generated by org.testng.reporters.JUnitReportReporter -->
<testsuite hostname="SIPL35" failures="0" tests="1" name="logoutDiv.Viewinvoice" time="17.958" errors="0" timestamp="2022-06-22T10:18:28 IST" skipped="0">
  <testcase classname="logoutDiv.Viewinvoice" name="Viewinvoice" time="17.958"/>
  <system-out/>
</testsuite> <!-- logoutDiv.Viewinvoice -->
