<?xml version="1.0" encoding="UTF-8"?>
<!-- Generated by org.testng.reporters.JUnitReportReporter -->
<testsuite hostname="SIPL35" failures="0" tests="1" name="Netship_s.Login_user" time="31.598" errors="0" timestamp="2022-05-09T17:09:33 IST" skipped="0">
  <testcase classname="Netship_s.Login_user" name="Passed" time="31.598"/>
  <system-out/>
</testsuite> <!-- Netship_s.Login_user -->
