<?xml version="1.0" encoding="UTF-8"?>
<!-- Generated by org.testng.reporters.JUnitReportReporter -->
<testsuite hostname="SIPL35" failures="0" tests="1" name="master_Screen.Get_Quote" time="84.951" errors="0" timestamp="2022-08-18T10:56:01 IST" skipped="0">
  <testcase classname="master_Screen.Get_Quote" name="getQuote" time="84.951"/>
  <system-out/>
</testsuite> <!-- master_Screen.Get_Quote -->
