<?xml version="1.0" encoding="UTF-8"?>
<!-- Generated by org.testng.reporters.JUnitReportReporter -->
<testsuite hostname="SIPL35" failures="0" tests="1" name="Netship_s.Reorder_Log" time="22.377" errors="0" timestamp="2022-05-06T17:42:35 IST" skipped="0">
  <testcase classname="Netship_s.Reorder_Log" name="checkAccountN" time="22.377"/>
  <system-out/>
</testsuite> <!-- Netship_s.Reorder_Log -->
