<?xml version="1.0" encoding="UTF-8"?>
<!-- Generated by org.testng.reporters.JUnitReportReporter -->
<testsuite hostname="SIPL35" failures="0" tests="1" name="master_Screen.SearchJob" time="99.367" errors="0" timestamp="2022-08-18T10:56:01 IST" skipped="0">
  <testcase classname="master_Screen.SearchJob" name="searchjob" time="99.367"/>
  <system-out/>
</testsuite> <!-- master_Screen.SearchJob -->
