<?xml version="1.0" encoding="UTF-8"?>
<!-- Generated by org.testng.reporters.JUnitReportReporter -->
<testsuite hostname="SIPL35" failures="0" tests="1" name="Netship_s.Get_Quote" time="44.607" errors="0" timestamp="2022-04-29T14:53:51 IST" skipped="0">
  <testcase classname="Netship_s.Get_Quote" name="Passed" time="44.607"/>
  <system-out/>
</testsuite> <!-- Netship_s.Get_Quote -->
