<?xml version="1.0" encoding="UTF-8"?>
<!-- Generated by org.testng.reporters.JUnitReportReporter -->
<testsuite hostname="SIPL35" failures="0" tests="1" name="Netship_s.BaseInit" time="0.126" errors="0" timestamp="2022-05-05T12:55:57 IST" skipped="0">
  <testcase classname="Netship_s.BaseInit" name="clickSubmit" time="0.126"/>
  <system-out/>
</testsuite> <!-- Netship_s.BaseInit -->
