<?xml version="1.0" encoding="UTF-8"?>
<!-- Generated by org.testng.reporters.JUnitReportReporter -->
<testsuite hostname="SIPL35" failures="0" tests="1" name="Netship_s.ShipPackage_C" time="254.826" errors="0" timestamp="2022-05-03T18:53:52 IST" skipped="0">
  <testcase classname="Netship_s.ShipPackage_C" name="Passed" time="254.826"/>
  <system-out/>
</testsuite> <!-- Netship_s.ShipPackage_C -->
