<?xml version="1.0" encoding="UTF-8"?>
<!-- Generated by org.testng.reporters.JUnitReportReporter -->
<testsuite hostname="SIPL35" failures="0" tests="1" name="Netship_s.UserDetails" time="63.492" errors="0" timestamp="2022-05-10T11:10:01 IST" skipped="0">
  <testcase classname="Netship_s.UserDetails" name="userDetails" time="63.492"/>
  <system-out/>
</testsuite> <!-- Netship_s.UserDetails -->
