<?xml version="1.0" encoding="UTF-8"?>
<!-- Generated by org.testng.reporters.JUnitReportReporter -->
<testsuite hostname="SIPL35" failures="0" tests="1" name="Netship_s.Map_view" time="42.209" errors="0" timestamp="2022-05-09T15:07:37 IST" skipped="0">
  <testcase classname="Netship_s.Map_view" name="f" time="42.209"/>
  <system-out/>
</testsuite> <!-- Netship_s.Map_view -->
