<?xml version="1.0" encoding="UTF-8"?>
<!-- Generated by org.testng.reporters.JUnitReportReporter -->
<testsuite hostname="SIPL35" failures="0" tests="1" name="logoutDiv.Contactus" time="32.824" errors="0" timestamp="2022-08-18T16:30:24 IST" skipped="0">
  <testcase classname="logoutDiv.Contactus" name="contactusnews" time="32.824"/>
  <system-out/>
</testsuite> <!-- logoutDiv.Contactus -->
